<?xml version="1.0" encoding="UTF-8"?>
<testng-results ignored="0" total="1" passed="1" failed="0" skipped="0">
  <reporter-output>
  </reporter-output>
  <suite started-at="2026-02-19T19:42:12 EST" name="QwireAPI Test Suite" finished-at="2026-02-19T19:42:12 EST" duration-ms="52">
    <groups>
    </groups>
    <test started-at="2026-02-19T19:42:12 EST" name="Core Tests" finished-at="2026-02-19T19:42:12 EST" duration-ms="52">
      <class name="com.qwireapi.AppTest">
        <test-method signature="shouldReturnProjectName()[pri:0, instance:com.qwireapi.AppTest@7c417213]" started-at="2026-02-19T19:42:12 EST" name="shouldReturnProjectName" finished-at="2026-02-19T19:42:12 EST" duration-ms="7" status="PASS">
          <reporter-output>
          </reporter-output>
        </test-method> <!-- shouldReturnProjectName -->
      </class> <!-- com.qwireapi.AppTest -->
    </test> <!-- Core Tests -->
  </suite> <!-- QwireAPI Test Suite -->
</testng-results>
